This file contains any messages produced by compilers while
running configure, to aid debugging if configure makes a mistake.

It was created by AdvanceCOMP configure 2.0, which was
generated by GNU Autoconf 2.69.  Invocation command line was

  $ ./configure 

## --------- ##
## Platform. ##
## --------- ##

hostname = Matthews-MBP
uname -m = x86_64
uname -r = 16.7.0
uname -s = Darwin
uname -v = Darwin Kernel Version 16.7.0: Thu Jun 15 17:36:27 PDT 2017; root:xnu-3789.70.16~2/RELEASE_X86_64

/usr/bin/uname -p = i386
/bin/uname -X     = unknown

/bin/arch              = unknown
/usr/bin/arch -k       = unknown
/usr/convex/getsysinfo = unknown
/usr/bin/hostinfo      = Mach kernel version:
	 Darwin Kernel Version 16.7.0: Thu Jun 15 17:36:27 PDT 2017; root:xnu-3789.70.16~2/RELEASE_X86_64
Kernel configured for up to 8 processors.
4 processors are physically available.
8 processors are logically available.
Processor type: x86_64h (Intel x86-64h Haswell)
Processors active: 0 1 2 3 4 5 6 7
Primary memory available: 16.00 gigabytes
Default processor set: 376 tasks, 1770 threads, 8 processors
Load average: 2.05, Mach factor: 5.94
/bin/machine           = unknown
/usr/bin/oslevel       = unknown
/bin/universe          = unknown

PATH: /Users/matthewmccord/.rvm/gems/ruby-2.4.0/bin
PATH: /Users/matthewmccord/.rvm/gems/ruby-2.4.0@global/bin
PATH: /Users/matthewmccord/.rvm/rubies/ruby-2.4.0/bin
PATH: /usr/local/bin
PATH: /usr/bin
PATH: /bin
PATH: /usr/sbin
PATH: /sbin
PATH: /Users/matthewmccord/.rvm/bin


## ----------- ##
## Core tests. ##
## ----------- ##

configure:2245: checking for a BSD-compatible install
configure:2313: result: /usr/local/bin/ginstall -c
configure:2324: checking whether build environment is sane
configure:2379: result: yes
configure:2530: checking for a thread-safe mkdir -p
configure:2569: result: /usr/local/bin/gmkdir -p
configure:2576: checking for gawk
configure:2606: result: no
configure:2576: checking for mawk
configure:2606: result: no
configure:2576: checking for nawk
configure:2606: result: no
configure:2576: checking for awk
configure:2592: found /usr/bin/awk
configure:2603: result: awk
configure:2614: checking whether make sets $(MAKE)
configure:2636: result: yes
configure:2665: checking whether make supports nested variables
configure:2682: result: yes
configure:2814: checking build system type
configure:2828: result: x86_64-apple-darwin16.7.0
configure:2848: checking host system type
configure:2861: result: x86_64-apple-darwin16.7.0
configure:2930: checking for gcc
configure:2946: found /usr/bin/gcc
configure:2957: result: gcc
configure:3186: checking for C compiler version
configure:3195: gcc --version >&5
Apple LLVM version 8.1.0 (clang-802.0.42)
Target: x86_64-apple-darwin16.7.0
Thread model: posix
InstalledDir: /Applications/Xcode.app/Contents/Developer/Toolchains/XcodeDefault.xctoolchain/usr/bin
Configured with: --prefix=/Applications/Xcode.app/Contents/Developer/usr --with-gxx-include-dir=/usr/include/c++/4.2.1
configure:3206: $? = 0
configure:3195: gcc -v >&5
Configured with: --prefix=/Applications/Xcode.app/Contents/Developer/usr --with-gxx-include-dir=/usr/include/c++/4.2.1
Apple LLVM version 8.1.0 (clang-802.0.42)
Target: x86_64-apple-darwin16.7.0
Thread model: posix
InstalledDir: /Applications/Xcode.app/Contents/Developer/Toolchains/XcodeDefault.xctoolchain/usr/bin
configure:3206: $? = 0
configure:3195: gcc -V >&5
clang: error: argument to '-V' is missing (expected 1 value)
clang: error: no input files
configure:3206: $? = 1
configure:3195: gcc -qversion >&5
clang: error: unknown argument: '-qversion'
clang: error: no input files
configure:3206: $? = 1
configure:3226: checking whether the C compiler works
configure:3248: gcc    conftest.c  >&5
configure:3252: $? = 0
configure:3300: result: yes
configure:3303: checking for C compiler default output file name
configure:3305: result: a.out
configure:3311: checking for suffix of executables
configure:3318: gcc -o conftest    conftest.c  >&5
configure:3322: $? = 0
configure:3344: result: 
configure:3366: checking whether we are cross compiling
configure:3374: gcc -o conftest    conftest.c  >&5
configure:3378: $? = 0
configure:3385: ./conftest
configure:3389: $? = 0
configure:3404: result: no
configure:3409: checking for suffix of object files
configure:3431: gcc -c   conftest.c >&5
configure:3435: $? = 0
configure:3456: result: o
configure:3460: checking whether we are using the GNU C compiler
configure:3479: gcc -c   conftest.c >&5
configure:3479: $? = 0
configure:3488: result: yes
configure:3497: checking whether gcc accepts -g
configure:3517: gcc -c -g  conftest.c >&5
configure:3517: $? = 0
configure:3558: result: yes
configure:3575: checking for gcc option to accept ISO C89
configure:3638: gcc  -c -g -O2  conftest.c >&5
configure:3638: $? = 0
configure:3651: result: none needed
configure:3676: checking whether gcc understands -c and -o together
configure:3698: gcc -c conftest.c -o conftest2.o
configure:3701: $? = 0
configure:3698: gcc -c conftest.c -o conftest2.o
configure:3701: $? = 0
configure:3713: result: yes
configure:3736: checking how to run the C preprocessor
configure:3767: gcc -E  conftest.c
configure:3767: $? = 0
configure:3781: gcc -E  conftest.c
conftest.c:11:10: fatal error: 'ac_nonexistent.h' file not found
#include <ac_nonexistent.h>
         ^
1 error generated.
configure:3781: $? = 1
configure: failed program was:
| /* confdefs.h */
| #define PACKAGE_NAME "AdvanceCOMP"
| #define PACKAGE_TARNAME "advancecomp"
| #define PACKAGE_VERSION "2.0"
| #define PACKAGE_STRING "AdvanceCOMP 2.0"
| #define PACKAGE_BUGREPORT ""
| #define PACKAGE_URL "http://www.advancemame.it"
| #define PACKAGE "advancecomp"
| #define VERSION "2.0"
| /* end confdefs.h.  */
| #include <ac_nonexistent.h>
configure:3806: result: gcc -E
configure:3826: gcc -E  conftest.c
configure:3826: $? = 0
configure:3840: gcc -E  conftest.c
conftest.c:11:10: fatal error: 'ac_nonexistent.h' file not found
#include <ac_nonexistent.h>
         ^
1 error generated.
configure:3840: $? = 1
configure: failed program was:
| /* confdefs.h */
| #define PACKAGE_NAME "AdvanceCOMP"
| #define PACKAGE_TARNAME "advancecomp"
| #define PACKAGE_VERSION "2.0"
| #define PACKAGE_STRING "AdvanceCOMP 2.0"
| #define PACKAGE_BUGREPORT ""
| #define PACKAGE_URL "http://www.advancemame.it"
| #define PACKAGE "advancecomp"
| #define VERSION "2.0"
| /* end confdefs.h.  */
| #include <ac_nonexistent.h>
configure:3869: checking for grep that handles long lines and -e
configure:3927: result: /usr/bin/grep
configure:3932: checking for egrep
configure:3994: result: /usr/bin/grep -E
configure:3999: checking for ANSI C header files
configure:4019: gcc -c -g -O2  conftest.c >&5
configure:4019: $? = 0
configure:4092: gcc -o conftest -g -O2   conftest.c  >&5
configure:4092: $? = 0
configure:4092: ./conftest
configure:4092: $? = 0
configure:4103: result: yes
configure:4116: checking for sys/types.h
configure:4116: gcc -c -g -O2  conftest.c >&5
configure:4116: $? = 0
configure:4116: result: yes
configure:4116: checking for sys/stat.h
configure:4116: gcc -c -g -O2  conftest.c >&5
configure:4116: $? = 0
configure:4116: result: yes
configure:4116: checking for stdlib.h
configure:4116: gcc -c -g -O2  conftest.c >&5
configure:4116: $? = 0
configure:4116: result: yes
configure:4116: checking for string.h
configure:4116: gcc -c -g -O2  conftest.c >&5
configure:4116: $? = 0
configure:4116: result: yes
configure:4116: checking for memory.h
configure:4116: gcc -c -g -O2  conftest.c >&5
configure:4116: $? = 0
configure:4116: result: yes
configure:4116: checking for strings.h
configure:4116: gcc -c -g -O2  conftest.c >&5
configure:4116: $? = 0
configure:4116: result: yes
configure:4116: checking for inttypes.h
configure:4116: gcc -c -g -O2  conftest.c >&5
configure:4116: $? = 0
configure:4116: result: yes
configure:4116: checking for stdint.h
configure:4116: gcc -c -g -O2  conftest.c >&5
configure:4116: $? = 0
configure:4116: result: yes
configure:4116: checking for unistd.h
configure:4116: gcc -c -g -O2  conftest.c >&5
configure:4116: $? = 0
configure:4116: result: yes
configure:4129: checking minix/config.h usability
configure:4129: gcc -c -g -O2  conftest.c >&5
conftest.c:54:10: fatal error: 'minix/config.h' file not found
#include <minix/config.h>
         ^
1 error generated.
configure:4129: $? = 1
configure: failed program was:
| /* confdefs.h */
| #define PACKAGE_NAME "AdvanceCOMP"
| #define PACKAGE_TARNAME "advancecomp"
| #define PACKAGE_VERSION "2.0"
| #define PACKAGE_STRING "AdvanceCOMP 2.0"
| #define PACKAGE_BUGREPORT ""
| #define PACKAGE_URL "http://www.advancemame.it"
| #define PACKAGE "advancecomp"
| #define VERSION "2.0"
| #define STDC_HEADERS 1
| #define HAVE_SYS_TYPES_H 1
| #define HAVE_SYS_STAT_H 1
| #define HAVE_STDLIB_H 1
| #define HAVE_STRING_H 1
| #define HAVE_MEMORY_H 1
| #define HAVE_STRINGS_H 1
| #define HAVE_INTTYPES_H 1
| #define HAVE_STDINT_H 1
| #define HAVE_UNISTD_H 1
| /* end confdefs.h.  */
| #include <stdio.h>
| #ifdef HAVE_SYS_TYPES_H
| # include <sys/types.h>
| #endif
| #ifdef HAVE_SYS_STAT_H
| # include <sys/stat.h>
| #endif
| #ifdef STDC_HEADERS
| # include <stdlib.h>
| # include <stddef.h>
| #else
| # ifdef HAVE_STDLIB_H
| #  include <stdlib.h>
| # endif
| #endif
| #ifdef HAVE_STRING_H
| # if !defined STDC_HEADERS && defined HAVE_MEMORY_H
| #  include <memory.h>
| # endif
| # include <string.h>
| #endif
| #ifdef HAVE_STRINGS_H
| # include <strings.h>
| #endif
| #ifdef HAVE_INTTYPES_H
| # include <inttypes.h>
| #endif
| #ifdef HAVE_STDINT_H
| # include <stdint.h>
| #endif
| #ifdef HAVE_UNISTD_H
| # include <unistd.h>
| #endif
| #include <minix/config.h>
configure:4129: result: no
configure:4129: checking minix/config.h presence
configure:4129: gcc -E  conftest.c
conftest.c:21:10: fatal error: 'minix/config.h' file not found
#include <minix/config.h>
         ^
1 error generated.
configure:4129: $? = 1
configure: failed program was:
| /* confdefs.h */
| #define PACKAGE_NAME "AdvanceCOMP"
| #define PACKAGE_TARNAME "advancecomp"
| #define PACKAGE_VERSION "2.0"
| #define PACKAGE_STRING "AdvanceCOMP 2.0"
| #define PACKAGE_BUGREPORT ""
| #define PACKAGE_URL "http://www.advancemame.it"
| #define PACKAGE "advancecomp"
| #define VERSION "2.0"
| #define STDC_HEADERS 1
| #define HAVE_SYS_TYPES_H 1
| #define HAVE_SYS_STAT_H 1
| #define HAVE_STDLIB_H 1
| #define HAVE_STRING_H 1
| #define HAVE_MEMORY_H 1
| #define HAVE_STRINGS_H 1
| #define HAVE_INTTYPES_H 1
| #define HAVE_STDINT_H 1
| #define HAVE_UNISTD_H 1
| /* end confdefs.h.  */
| #include <minix/config.h>
configure:4129: result: no
configure:4129: checking for minix/config.h
configure:4129: result: no
configure:4150: checking whether it is safe to define __EXTENSIONS__
configure:4168: gcc -c -g -O2  conftest.c >&5
configure:4168: $? = 0
configure:4175: result: yes
configure:4237: checking for gcc
configure:4264: result: gcc
configure:4493: checking for C compiler version
configure:4502: gcc --version >&5
Apple LLVM version 8.1.0 (clang-802.0.42)
Target: x86_64-apple-darwin16.7.0
Thread model: posix
InstalledDir: /Applications/Xcode.app/Contents/Developer/Toolchains/XcodeDefault.xctoolchain/usr/bin
Configured with: --prefix=/Applications/Xcode.app/Contents/Developer/usr --with-gxx-include-dir=/usr/include/c++/4.2.1
configure:4513: $? = 0
configure:4502: gcc -v >&5
Configured with: --prefix=/Applications/Xcode.app/Contents/Developer/usr --with-gxx-include-dir=/usr/include/c++/4.2.1
Apple LLVM version 8.1.0 (clang-802.0.42)
Target: x86_64-apple-darwin16.7.0
Thread model: posix
InstalledDir: /Applications/Xcode.app/Contents/Developer/Toolchains/XcodeDefault.xctoolchain/usr/bin
configure:4513: $? = 0
configure:4502: gcc -V >&5
clang: error: argument to '-V' is missing (expected 1 value)
clang: error: no input files
configure:4513: $? = 1
configure:4502: gcc -qversion >&5
clang: error: unknown argument: '-qversion'
clang: error: no input files
configure:4513: $? = 1
configure:4517: checking whether we are using the GNU C compiler
configure:4545: result: yes
configure:4554: checking whether gcc accepts -g
configure:4615: result: yes
configure:4632: checking for gcc option to accept ISO C89
configure:4708: result: none needed
configure:4733: checking whether gcc understands -c and -o together
configure:4770: result: yes
configure:4845: checking for g++
configure:4861: found /usr/bin/g++
configure:4872: result: g++
configure:4899: checking for C++ compiler version
configure:4908: g++ --version >&5
Apple LLVM version 8.1.0 (clang-802.0.42)
Target: x86_64-apple-darwin16.7.0
Thread model: posix
InstalledDir: /Applications/Xcode.app/Contents/Developer/Toolchains/XcodeDefault.xctoolchain/usr/bin
Configured with: --prefix=/Applications/Xcode.app/Contents/Developer/usr --with-gxx-include-dir=/usr/include/c++/4.2.1
configure:4919: $? = 0
configure:4908: g++ -v >&5
Configured with: --prefix=/Applications/Xcode.app/Contents/Developer/usr --with-gxx-include-dir=/usr/include/c++/4.2.1
Apple LLVM version 8.1.0 (clang-802.0.42)
Target: x86_64-apple-darwin16.7.0
Thread model: posix
InstalledDir: /Applications/Xcode.app/Contents/Developer/Toolchains/XcodeDefault.xctoolchain/usr/bin
configure:4919: $? = 0
configure:4908: g++ -V >&5
clang: error: argument to '-V' is missing (expected 1 value)
clang: error: no input files
configure:4919: $? = 1
configure:4908: g++ -qversion >&5
clang: error: unknown argument: '-qversion'
clang: error: no input files
configure:4919: $? = 1
configure:4923: checking whether we are using the GNU C++ compiler
configure:4942: g++ -c   conftest.cpp >&5
configure:4942: $? = 0
configure:4951: result: yes
configure:4960: checking whether g++ accepts -g
configure:4980: g++ -c -g  conftest.cpp >&5
configure:4980: $? = 0
configure:5021: result: yes
configure:5049: checking for gawk
configure:5076: result: awk
configure:5091: checking for tar
configure:5107: found /usr/bin/tar
configure:5118: result: tar
configure:5133: checking for gzip
configure:5149: found /usr/bin/gzip
configure:5160: result: gzip
configure:5175: checking for groff
configure:5191: found /usr/bin/groff
configure:5202: result: groff
configure:5217: checking for col
configure:5233: found /usr/bin/col
configure:5244: result: col
configure:5257: checking for valgrind
configure:5287: result: no
configure:5294: checking for wine
configure:5324: result: no
configure:5331: checking for advd2
configure:5361: result: no
configure:5382: checking for special C compiler options needed for large files
configure:5427: result: no
configure:5433: checking for _FILE_OFFSET_BITS value needed for large files
configure:5458: gcc -c -g -O2  conftest.c >&5
configure:5458: $? = 0
configure:5490: result: no
configure:5575: checking for adler32 in -lz
configure:5600: gcc -o conftest -g -O2   conftest.c -lz   >&5
configure:5600: $? = 0
configure:5609: result: yes
configure:5623: checking for ANSI C header files
configure:5727: result: yes
configure:5735: checking for sys/wait.h that is POSIX.1 compatible
configure:5761: gcc -c -g -O2  conftest.c >&5
configure:5761: $? = 0
configure:5768: result: yes
configure:5779: checking for dirent.h that defines DIR
configure:5798: gcc -c -g -O2  conftest.c >&5
configure:5798: $? = 0
configure:5806: result: yes
configure:5819: checking for library containing opendir
configure:5850: gcc -o conftest -g -O2   conftest.c -lz  >&5
configure:5850: $? = 0
configure:5867: result: none required
configure:5934: checking whether time.h and sys/time.h may both be included
configure:5954: gcc -c -g -O2  conftest.c >&5
configure:5954: $? = 0
configure:5961: result: yes
configure:5972: checking for unistd.h
configure:5972: result: yes
configure:5972: checking getopt.h usability
configure:5972: gcc -c -g -O2  conftest.c >&5
configure:5972: $? = 0
configure:5972: result: yes
configure:5972: checking getopt.h presence
configure:5972: gcc -E  conftest.c
configure:5972: $? = 0
configure:5972: result: yes
configure:5972: checking for getopt.h
configure:5972: result: yes
configure:5972: checking utime.h usability
configure:5972: gcc -c -g -O2  conftest.c >&5
configure:5972: $? = 0
configure:5972: result: yes
configure:5972: checking utime.h presence
configure:5972: gcc -E  conftest.c
configure:5972: $? = 0
configure:5972: result: yes
configure:5972: checking for utime.h
configure:5972: result: yes
configure:5972: checking stdarg.h usability
configure:5972: gcc -c -g -O2  conftest.c >&5
configure:5972: $? = 0
configure:5972: result: yes
configure:5972: checking stdarg.h presence
configure:5972: gcc -E  conftest.c
configure:5972: $? = 0
configure:5972: result: yes
configure:5972: checking for stdarg.h
configure:5972: result: yes
configure:5972: checking varargs.h usability
configure:5972: gcc -c -g -O2  conftest.c >&5
In file included from conftest.c:68:
/Applications/Xcode.app/Contents/Developer/Toolchains/XcodeDefault.xctoolchain/usr/bin/../lib/clang/8.1.0/include/varargs.h:25:4: error: "Please use <stdarg.h> instead of <varargs.h>"
  #error "Please use <stdarg.h> instead of <varargs.h>"
   ^
1 error generated.
configure:5972: $? = 1
configure: failed program was:
| /* confdefs.h */
| #define PACKAGE_NAME "AdvanceCOMP"
| #define PACKAGE_TARNAME "advancecomp"
| #define PACKAGE_VERSION "2.0"
| #define PACKAGE_STRING "AdvanceCOMP 2.0"
| #define PACKAGE_BUGREPORT ""
| #define PACKAGE_URL "http://www.advancemame.it"
| #define PACKAGE "advancecomp"
| #define VERSION "2.0"
| #define STDC_HEADERS 1
| #define HAVE_SYS_TYPES_H 1
| #define HAVE_SYS_STAT_H 1
| #define HAVE_STDLIB_H 1
| #define HAVE_STRING_H 1
| #define HAVE_MEMORY_H 1
| #define HAVE_STRINGS_H 1
| #define HAVE_INTTYPES_H 1
| #define HAVE_STDINT_H 1
| #define HAVE_UNISTD_H 1
| #define __EXTENSIONS__ 1
| #define _ALL_SOURCE 1
| #define _GNU_SOURCE 1
| #define _POSIX_PTHREAD_SEMANTICS 1
| #define _TANDEM_SOURCE 1
| #define HAVE_LIBZ 1
| #define STDC_HEADERS 1
| #define HAVE_SYS_WAIT_H 1
| #define HAVE_DIRENT_H 1
| #define TIME_WITH_SYS_TIME 1
| #define HAVE_UNISTD_H 1
| #define HAVE_GETOPT_H 1
| #define HAVE_UTIME_H 1
| #define HAVE_STDARG_H 1
| /* end confdefs.h.  */
| #include <stdio.h>
| #ifdef HAVE_SYS_TYPES_H
| # include <sys/types.h>
| #endif
| #ifdef HAVE_SYS_STAT_H
| # include <sys/stat.h>
| #endif
| #ifdef STDC_HEADERS
| # include <stdlib.h>
| # include <stddef.h>
| #else
| # ifdef HAVE_STDLIB_H
| #  include <stdlib.h>
| # endif
| #endif
| #ifdef HAVE_STRING_H
| # if !defined STDC_HEADERS && defined HAVE_MEMORY_H
| #  include <memory.h>
| # endif
| # include <string.h>
| #endif
| #ifdef HAVE_STRINGS_H
| # include <strings.h>
| #endif
| #ifdef HAVE_INTTYPES_H
| # include <inttypes.h>
| #endif
| #ifdef HAVE_STDINT_H
| # include <stdint.h>
| #endif
| #ifdef HAVE_UNISTD_H
| # include <unistd.h>
| #endif
| #include <varargs.h>
configure:5972: result: no
configure:5972: checking varargs.h presence
configure:5972: gcc -E  conftest.c
In file included from conftest.c:35:
/Applications/Xcode.app/Contents/Developer/Toolchains/XcodeDefault.xctoolchain/usr/bin/../lib/clang/8.1.0/include/varargs.h:25:4: error: "Please use <stdarg.h> instead of <varargs.h>"
  #error "Please use <stdarg.h> instead of <varargs.h>"
   ^
1 error generated.
configure:5972: $? = 1
configure: failed program was:
| /* confdefs.h */
| #define PACKAGE_NAME "AdvanceCOMP"
| #define PACKAGE_TARNAME "advancecomp"
| #define PACKAGE_VERSION "2.0"
| #define PACKAGE_STRING "AdvanceCOMP 2.0"
| #define PACKAGE_BUGREPORT ""
| #define PACKAGE_URL "http://www.advancemame.it"
| #define PACKAGE "advancecomp"
| #define VERSION "2.0"
| #define STDC_HEADERS 1
| #define HAVE_SYS_TYPES_H 1
| #define HAVE_SYS_STAT_H 1
| #define HAVE_STDLIB_H 1
| #define HAVE_STRING_H 1
| #define HAVE_MEMORY_H 1
| #define HAVE_STRINGS_H 1
| #define HAVE_INTTYPES_H 1
| #define HAVE_STDINT_H 1
| #define HAVE_UNISTD_H 1
| #define __EXTENSIONS__ 1
| #define _ALL_SOURCE 1
| #define _GNU_SOURCE 1
| #define _POSIX_PTHREAD_SEMANTICS 1
| #define _TANDEM_SOURCE 1
| #define HAVE_LIBZ 1
| #define STDC_HEADERS 1
| #define HAVE_SYS_WAIT_H 1
| #define HAVE_DIRENT_H 1
| #define TIME_WITH_SYS_TIME 1
| #define HAVE_UNISTD_H 1
| #define HAVE_GETOPT_H 1
| #define HAVE_UTIME_H 1
| #define HAVE_STDARG_H 1
| /* end confdefs.h.  */
| #include <varargs.h>
configure:5972: result: no
configure:5972: checking for varargs.h
configure:5972: result: no
configure:5972: checking for stdint.h
configure:5972: result: yes
configure:5985: checking for sys/types.h
configure:5985: result: yes
configure:5985: checking for sys/stat.h
configure:5985: result: yes
configure:5985: checking sys/time.h usability
configure:5985: gcc -c -g -O2  conftest.c >&5
configure:5985: $? = 0
configure:5985: result: yes
configure:5985: checking sys/time.h presence
configure:5985: gcc -E  conftest.c
configure:5985: $? = 0
configure:5985: result: yes
configure:5985: checking for sys/time.h
configure:5985: result: yes
configure:5985: checking sys/utime.h usability
configure:5985: gcc -c -g -O2  conftest.c >&5
conftest.c:72:10: fatal error: 'sys/utime.h' file not found
#include <sys/utime.h>
         ^
1 error generated.
configure:5985: $? = 1
configure: failed program was:
| /* confdefs.h */
| #define PACKAGE_NAME "AdvanceCOMP"
| #define PACKAGE_TARNAME "advancecomp"
| #define PACKAGE_VERSION "2.0"
| #define PACKAGE_STRING "AdvanceCOMP 2.0"
| #define PACKAGE_BUGREPORT ""
| #define PACKAGE_URL "http://www.advancemame.it"
| #define PACKAGE "advancecomp"
| #define VERSION "2.0"
| #define STDC_HEADERS 1
| #define HAVE_SYS_TYPES_H 1
| #define HAVE_SYS_STAT_H 1
| #define HAVE_STDLIB_H 1
| #define HAVE_STRING_H 1
| #define HAVE_MEMORY_H 1
| #define HAVE_STRINGS_H 1
| #define HAVE_INTTYPES_H 1
| #define HAVE_STDINT_H 1
| #define HAVE_UNISTD_H 1
| #define __EXTENSIONS__ 1
| #define _ALL_SOURCE 1
| #define _GNU_SOURCE 1
| #define _POSIX_PTHREAD_SEMANTICS 1
| #define _TANDEM_SOURCE 1
| #define HAVE_LIBZ 1
| #define STDC_HEADERS 1
| #define HAVE_SYS_WAIT_H 1
| #define HAVE_DIRENT_H 1
| #define TIME_WITH_SYS_TIME 1
| #define HAVE_UNISTD_H 1
| #define HAVE_GETOPT_H 1
| #define HAVE_UTIME_H 1
| #define HAVE_STDARG_H 1
| #define HAVE_STDINT_H 1
| #define HAVE_SYS_TYPES_H 1
| #define HAVE_SYS_STAT_H 1
| #define HAVE_SYS_TIME_H 1
| /* end confdefs.h.  */
| #include <stdio.h>
| #ifdef HAVE_SYS_TYPES_H
| # include <sys/types.h>
| #endif
| #ifdef HAVE_SYS_STAT_H
| # include <sys/stat.h>
| #endif
| #ifdef STDC_HEADERS
| # include <stdlib.h>
| # include <stddef.h>
| #else
| # ifdef HAVE_STDLIB_H
| #  include <stdlib.h>
| # endif
| #endif
| #ifdef HAVE_STRING_H
| # if !defined STDC_HEADERS && defined HAVE_MEMORY_H
| #  include <memory.h>
| # endif
| # include <string.h>
| #endif
| #ifdef HAVE_STRINGS_H
| # include <strings.h>
| #endif
| #ifdef HAVE_INTTYPES_H
| # include <inttypes.h>
| #endif
| #ifdef HAVE_STDINT_H
| # include <stdint.h>
| #endif
| #ifdef HAVE_UNISTD_H
| # include <unistd.h>
| #endif
| #include <sys/utime.h>
configure:5985: result: no
configure:5985: checking sys/utime.h presence
configure:5985: gcc -E  conftest.c
conftest.c:39:10: fatal error: 'sys/utime.h' file not found
#include <sys/utime.h>
         ^
1 error generated.
configure:5985: $? = 1
configure: failed program was:
| /* confdefs.h */
| #define PACKAGE_NAME "AdvanceCOMP"
| #define PACKAGE_TARNAME "advancecomp"
| #define PACKAGE_VERSION "2.0"
| #define PACKAGE_STRING "AdvanceCOMP 2.0"
| #define PACKAGE_BUGREPORT ""
| #define PACKAGE_URL "http://www.advancemame.it"
| #define PACKAGE "advancecomp"
| #define VERSION "2.0"
| #define STDC_HEADERS 1
| #define HAVE_SYS_TYPES_H 1
| #define HAVE_SYS_STAT_H 1
| #define HAVE_STDLIB_H 1
| #define HAVE_STRING_H 1
| #define HAVE_MEMORY_H 1
| #define HAVE_STRINGS_H 1
| #define HAVE_INTTYPES_H 1
| #define HAVE_STDINT_H 1
| #define HAVE_UNISTD_H 1
| #define __EXTENSIONS__ 1
| #define _ALL_SOURCE 1
| #define _GNU_SOURCE 1
| #define _POSIX_PTHREAD_SEMANTICS 1
| #define _TANDEM_SOURCE 1
| #define HAVE_LIBZ 1
| #define STDC_HEADERS 1
| #define HAVE_SYS_WAIT_H 1
| #define HAVE_DIRENT_H 1
| #define TIME_WITH_SYS_TIME 1
| #define HAVE_UNISTD_H 1
| #define HAVE_GETOPT_H 1
| #define HAVE_UTIME_H 1
| #define HAVE_STDARG_H 1
| #define HAVE_STDINT_H 1
| #define HAVE_SYS_TYPES_H 1
| #define HAVE_SYS_STAT_H 1
| #define HAVE_SYS_TIME_H 1
| /* end confdefs.h.  */
| #include <sys/utime.h>
configure:5985: result: no
configure:5985: checking for sys/utime.h
configure:5985: result: no
configure:5996: checking for an ANSI C-conforming const
configure:6062: gcc -c -g -O2  conftest.c >&5
configure:6062: $? = 0
configure:6069: result: yes
configure:6077: checking for inline
configure:6093: gcc -c -g -O2  conftest.c >&5
configure:6093: $? = 0
configure:6101: result: inline
configure:6123: checking for getopt
configure:6123: gcc -o conftest -g -O2   conftest.c -lz  >&5
configure:6123: $? = 0
configure:6123: result: yes
configure:6123: checking for getopt_long
configure:6123: gcc -o conftest -g -O2   conftest.c -lz  >&5
configure:6123: $? = 0
configure:6123: result: yes
configure:6123: checking for snprintf
configure:6123: gcc -o conftest -g -O2   conftest.c -lz  >&5
conftest.c:64:6: warning: incompatible redeclaration of library function 'snprintf' [-Wincompatible-library-redeclaration]
char snprintf ();
     ^
conftest.c:64:6: note: 'snprintf' is a builtin with type 'int (char *, unsigned long, const char *, ...)'
1 warning generated.
configure:6123: $? = 0
configure:6123: result: yes
configure:6123: checking for vsnprintf
configure:6123: gcc -o conftest -g -O2   conftest.c -lz  >&5
conftest.c:65:6: warning: incompatible redeclaration of library function 'vsnprintf' [-Wincompatible-library-redeclaration]
char vsnprintf ();
     ^
conftest.c:65:6: note: 'vsnprintf' is a builtin with type 'int (char *, unsigned long, const char *, struct __va_list_tag *)'
1 warning generated.
configure:6123: $? = 0
configure:6123: result: yes
configure:6331: checking that generated files are newer than configure
configure:6337: result: done
configure:6356: creating ./config.status

## ---------------------- ##
## Running config.status. ##
## ---------------------- ##

This file was extended by AdvanceCOMP config.status 2.0, which was
generated by GNU Autoconf 2.69.  Invocation command line was

  CONFIG_FILES    = 
  CONFIG_HEADERS  = 
  CONFIG_LINKS    = 
  CONFIG_COMMANDS = 
  $ ./config.status 

on Matthews-MBP

config.status:875: creating Makefile
config.status:875: creating config.h

## ---------------- ##
## Cache variables. ##
## ---------------- ##

ac_cv_build=x86_64-apple-darwin16.7.0
ac_cv_c_compiler_gnu=yes
ac_cv_c_const=yes
ac_cv_c_inline=inline
ac_cv_cxx_compiler_gnu=yes
ac_cv_env_CCC_set=
ac_cv_env_CCC_value=
ac_cv_env_CC_set=
ac_cv_env_CC_value=
ac_cv_env_CFLAGS_set=
ac_cv_env_CFLAGS_value=
ac_cv_env_CPPFLAGS_set=
ac_cv_env_CPPFLAGS_value=
ac_cv_env_CPP_set=
ac_cv_env_CPP_value=
ac_cv_env_CXXFLAGS_set=
ac_cv_env_CXXFLAGS_value=
ac_cv_env_CXX_set=
ac_cv_env_CXX_value=
ac_cv_env_LDFLAGS_set=
ac_cv_env_LDFLAGS_value=
ac_cv_env_LIBS_set=
ac_cv_env_LIBS_value=
ac_cv_env_TESTENV_set=
ac_cv_env_TESTENV_value=
ac_cv_env_build_alias_set=
ac_cv_env_build_alias_value=
ac_cv_env_host_alias_set=
ac_cv_env_host_alias_value=
ac_cv_env_target_alias_set=
ac_cv_env_target_alias_value=
ac_cv_func_getopt=yes
ac_cv_func_getopt_long=yes
ac_cv_func_snprintf=yes
ac_cv_func_vsnprintf=yes
ac_cv_header_dirent_dirent_h=yes
ac_cv_header_getopt_h=yes
ac_cv_header_inttypes_h=yes
ac_cv_header_memory_h=yes
ac_cv_header_minix_config_h=no
ac_cv_header_stdarg_h=yes
ac_cv_header_stdc=yes
ac_cv_header_stdint_h=yes
ac_cv_header_stdlib_h=yes
ac_cv_header_string_h=yes
ac_cv_header_strings_h=yes
ac_cv_header_sys_stat_h=yes
ac_cv_header_sys_time_h=yes
ac_cv_header_sys_types_h=yes
ac_cv_header_sys_utime_h=no
ac_cv_header_sys_wait_h=yes
ac_cv_header_time=yes
ac_cv_header_unistd_h=yes
ac_cv_header_utime_h=yes
ac_cv_header_varargs_h=no
ac_cv_host=x86_64-apple-darwin16.7.0
ac_cv_lib_z_adler32=yes
ac_cv_objext=o
ac_cv_path_EGREP='/usr/bin/grep -E'
ac_cv_path_GREP=/usr/bin/grep
ac_cv_path_install='/usr/local/bin/ginstall -c'
ac_cv_path_mkdir=/usr/local/bin/gmkdir
ac_cv_prog_AWK=awk
ac_cv_prog_COL=col
ac_cv_prog_CPP='gcc -E'
ac_cv_prog_GROFF=groff
ac_cv_prog_GZIP=gzip
ac_cv_prog_TAR=tar
ac_cv_prog_ac_ct_CC=gcc
ac_cv_prog_ac_ct_CXX=g++
ac_cv_prog_cc_c89=
ac_cv_prog_cc_g=yes
ac_cv_prog_cxx_g=yes
ac_cv_prog_make_make_set=yes
ac_cv_safe_to_define___extensions__=yes
ac_cv_search_opendir='none required'
ac_cv_sys_file_offset_bits=no
ac_cv_sys_largefile_CC=no
am_cv_make_support_nested_variables=yes
am_cv_prog_cc_c_o=yes

## ----------------- ##
## Output variables. ##
## ----------------- ##

ACLOCAL='${SHELL} /Users/matthewmccord/workspace/js13kgames_2017/js13k-webpack-starter/advancecomp-2.0/missing aclocal-1.14'
ADVD2=''
AMTAR='$${TAR-tar}'
AM_BACKSLASH='\'
AM_DEFAULT_V='$(AM_DEFAULT_VERBOSITY)'
AM_DEFAULT_VERBOSITY='1'
AM_V='$(V)'
AUTOCONF='${SHELL} /Users/matthewmccord/workspace/js13kgames_2017/js13k-webpack-starter/advancecomp-2.0/missing autoconf'
AUTOHEADER='${SHELL} /Users/matthewmccord/workspace/js13kgames_2017/js13k-webpack-starter/advancecomp-2.0/missing autoheader'
AUTOMAKE='${SHELL} /Users/matthewmccord/workspace/js13kgames_2017/js13k-webpack-starter/advancecomp-2.0/missing automake-1.14'
AWK='awk'
CC='gcc'
CFLAGS='-g -O2 -DUSE_ERROR_SILENT -DUSE_COMPRESS'
COL='col'
CPP='gcc -E'
CPPFLAGS=''
CXX='g++'
CXXFLAGS='-g -O2 -DUSE_ERROR_SILENT -DUSE_COMPRESS'
CYGPATH_W='echo'
DEFS='-DHAVE_CONFIG_H'
ECHO_C='\c'
ECHO_N=''
ECHO_T=''
EGREP='/usr/bin/grep -E'
EXEEXT=''
GREP='/usr/bin/grep'
GROFF='groff'
GZIP='gzip'
HAVE_ADVD2_FALSE=''
HAVE_ADVD2_TRUE='#'
INSTALL_DATA='${INSTALL} -m 644'
INSTALL_PROGRAM='${INSTALL}'
INSTALL_SCRIPT='${INSTALL}'
INSTALL_STRIP_PROGRAM='$(install_sh) -c -s'
LDFLAGS=''
LIBOBJS=''
LIBS='-lz '
LTLIBOBJS=''
MAKEINFO='${SHELL} /Users/matthewmccord/workspace/js13kgames_2017/js13k-webpack-starter/advancecomp-2.0/missing makeinfo'
MKDIR_P='/usr/local/bin/gmkdir -p'
OBJEXT='o'
PACKAGE='advancecomp'
PACKAGE_BUGREPORT=''
PACKAGE_NAME='AdvanceCOMP'
PACKAGE_STRING='AdvanceCOMP 2.0'
PACKAGE_TARNAME='advancecomp'
PACKAGE_URL='http://www.advancemame.it'
PACKAGE_VERSION='2.0'
PATH_SEPARATOR=':'
SET_MAKE=''
SHELL='/bin/sh'
STRIP=''
TAR='tar'
TESTENV=''
VALGRIND=''
VERSION='2.0'
WINE=''
ac_ct_CC='gcc'
ac_ct_CXX='g++'
am__EXEEXT_FALSE=''
am__EXEEXT_TRUE='#'
am__isrc=''
am__leading_dot='.'
am__tar='$${TAR-tar} chof - "$$tardir"'
am__untar='$${TAR-tar} xf -'
bindir='${exec_prefix}/bin'
build='x86_64-apple-darwin16.7.0'
build_alias=''
build_cpu='x86_64'
build_os='darwin16.7.0'
build_vendor='apple'
datadir='${datarootdir}'
datarootdir='${prefix}/share'
docdir='${datarootdir}/doc/${PACKAGE_TARNAME}'
dvidir='${docdir}'
exec_prefix='${prefix}'
host='x86_64-apple-darwin16.7.0'
host_alias=''
host_cpu='x86_64'
host_os='darwin16.7.0'
host_vendor='apple'
htmldir='${docdir}'
includedir='${prefix}/include'
infodir='${datarootdir}/info'
install_sh='${SHELL} /Users/matthewmccord/workspace/js13kgames_2017/js13k-webpack-starter/advancecomp-2.0/install-sh'
libdir='${exec_prefix}/lib'
libexecdir='${exec_prefix}/libexec'
localedir='${datarootdir}/locale'
localstatedir='${prefix}/var'
mandir='${datarootdir}/man'
mkdir_p='$(MKDIR_P)'
oldincludedir='/usr/include'
pdfdir='${docdir}'
prefix='/usr/local'
program_transform_name='s,x,x,'
psdir='${docdir}'
sbindir='${exec_prefix}/sbin'
sharedstatedir='${prefix}/com'
sysconfdir='${prefix}/etc'
target_alias=''

## ----------- ##
## confdefs.h. ##
## ----------- ##

/* confdefs.h */
#define PACKAGE_NAME "AdvanceCOMP"
#define PACKAGE_TARNAME "advancecomp"
#define PACKAGE_VERSION "2.0"
#define PACKAGE_STRING "AdvanceCOMP 2.0"
#define PACKAGE_BUGREPORT ""
#define PACKAGE_URL "http://www.advancemame.it"
#define PACKAGE "advancecomp"
#define VERSION "2.0"
#define STDC_HEADERS 1
#define HAVE_SYS_TYPES_H 1
#define HAVE_SYS_STAT_H 1
#define HAVE_STDLIB_H 1
#define HAVE_STRING_H 1
#define HAVE_MEMORY_H 1
#define HAVE_STRINGS_H 1
#define HAVE_INTTYPES_H 1
#define HAVE_STDINT_H 1
#define HAVE_UNISTD_H 1
#define __EXTENSIONS__ 1
#define _ALL_SOURCE 1
#define _GNU_SOURCE 1
#define _POSIX_PTHREAD_SEMANTICS 1
#define _TANDEM_SOURCE 1
#define HAVE_LIBZ 1
#define STDC_HEADERS 1
#define HAVE_SYS_WAIT_H 1
#define HAVE_DIRENT_H 1
#define TIME_WITH_SYS_TIME 1
#define HAVE_UNISTD_H 1
#define HAVE_GETOPT_H 1
#define HAVE_UTIME_H 1
#define HAVE_STDARG_H 1
#define HAVE_STDINT_H 1
#define HAVE_SYS_TYPES_H 1
#define HAVE_SYS_STAT_H 1
#define HAVE_SYS_TIME_H 1
#define HAVE_GETOPT 1
#define HAVE_GETOPT_LONG 1
#define HAVE_SNPRINTF 1
#define HAVE_VSNPRINTF 1

configure: exit 0
